<!DOCTYPE html PUBLIC "-//W3C//DTD XHTML 1.1//EN" "https://www.w3.org/TR/xhtml11/DTD/xhtml11.dtd">
<html xmlns="https://www.w3.org/1999/xhtml">
<head>
<meta http-equiv="content-type" content="text/html; charset=UTF-8"/>
<title>TestNG Report</title>
<style type="text/css">table {margin-bottom:10px;border-collapse:collapse;empty-cells:show}th,td {border:1px solid #009;padding:.25em .5em}th {vertical-align:bottom}td {vertical-align:top}table a {font-weight:bold}.stripe td {background-color: #E6EBF9}.num {text-align:right}.passedodd td {background-color: #3F3}.passedeven td {background-color: #0A0}.skippedodd td {background-color: #DDD}.skippedeven td {background-color: #CCC}.failedodd td,.attn {background-color: #F33}.failedeven td,.stripe .attn {background-color: #D00}.stacktrace {white-space:pre;font-family:monospace}.totop {font-size:85%;text-align:center;border-bottom:2px solid #000}.invisible {display:none}</style>
</head>
<body>
<table>
<tr><th>Test</th><th># Passed</th><th># Skipped</th><th># Retried</th><th># Failed</th><th>Time (ms)</th><th>Included Groups</th><th>Excluded Groups</th></tr>
<tr><th colspan="8">Suite</th></tr>
<tr><td><a href="#t0">Test</a></td><td class="num">13</td><td class="num">0</td><td class="num attn">2</td><td class="num">0</td><td class="num">70,566</td><td></td><td></td></tr>
</table>
<table id='summary'><thead><tr><th>Class</th><th>Method</th><th>Start</th><th>Time (ms)</th></tr></thead><tbody><tr><th colspan="4">Suite</th></tr></tbody><tbody id="t0"><tr><th colspan="4">Test &#8212; retried</th></tr><tr class="retriedeven"><td rowspan="2">testscripts.SubCategoryTest</td><td><a href="#m0">verifyWhetherUserIsAbleToPerformSearchOnTheSubCategoryPage</a></td><td rowspan="2">1744089654138</td><td rowspan="2">2428</td></tr><tr class="retriedeven"><td><a href="#m1">verifyWhetherUserIsAbleToPerformSearchOnTheSubCategoryPage</a></td></tr><tr><th colspan="4">Test &#8212; passed</th></tr><tr class="passedeven"><td rowspan="1">testscripts.HomeTest</td><td><a href="#m2">verifyWhetherUserIsAbleToLogoutSuccessfully</a></td><td rowspan="1">1744089637919</td><td rowspan="1">1414</td></tr><tr class="passedodd"><td rowspan="5">testscripts.LoginTest</td><td><a href="#m3">verifyWhetherUserIsAbleToLoginWithInValidUsernameAndValidPassword</a></td><td rowspan="1">1744089632062</td><td rowspan="1">715</td></tr><tr class="passedodd"><td><a href="#m4">verifyWhetherUserIsAbleToLoginWithInvalidCredentials</a></td><td rowspan="2">1744089625131</td><td rowspan="2">682</td></tr><tr class="passedodd"><td><a href="#m5">verifyWhetherUserIsAbleToLoginWithInvalidCredentials</a></td></tr><tr class="passedodd"><td><a href="#m6">verifyWhetherUserIsAbleToLoginWithValidCredentials</a></td><td rowspan="1">1744089635077</td><td rowspan="1">872</td></tr><tr class="passedodd"><td><a href="#m7">verifyWhetherUserIsAbleToLoginWithValidUsernameAndInvalidPassword</a></td><td rowspan="1">1744089628176</td><td rowspan="1">1345</td></tr><tr class="passedeven"><td rowspan="2">testscripts.ManageNewsTest</td><td><a href="#m8">verifyWhetherUserIsAbleToNavigateToManageNewsPageAndAddANews</a></td><td rowspan="1">1744089682602</td><td rowspan="1">2226</td></tr><tr class="passedeven"><td><a href="#m9">verifyWhetherUserIsAbleToNavigateToManageNewsPageAndSearchANews</a></td><td rowspan="1">1744089686883</td><td rowspan="1">3590</td></tr><tr class="passedodd"><td rowspan="3">testscripts.ManageUsersTest</td><td><a href="#m10">verifyWhetherUserIsAbleToNavigateToManageUsersPageAndAddANewUser</a></td><td rowspan="1">1744089663798</td><td rowspan="1">4847</td></tr><tr class="passedodd"><td><a href="#m11">verifyWhetherUserIsAbleToNavigateToManageUsersPageAndPerformAReset</a></td><td rowspan="1">1744089677270</td><td rowspan="1">3000</td></tr><tr class="passedodd"><td><a href="#m12">verifyWhetherUserIsAbleToNavigateToManageUsersPageAndSearchForAUser</a></td><td rowspan="1">1744089672200</td><td rowspan="1">2794</td></tr><tr class="passedeven"><td rowspan="2">testscripts.SubCategoryTest</td><td><a href="#m13">verifyWhetherUserIsAbleToAddANewCategoryOnTheSubCategoryPage</a></td><td rowspan="1">1744089641491</td><td rowspan="1">4933</td></tr><tr class="passedeven"><td><a href="#m14">verifyWhetherUserIsAbleToPerformSearchOnTheSubCategoryPage</a></td><td rowspan="1">1744089659039</td><td rowspan="1">2175</td></tr></tbody>
</table>
<h2>Test</h2><h3 id="m0">testscripts.SubCategoryTest#verifyWhetherUserIsAbleToPerformSearchOnTheSubCategoryPage</h3><table class="result"><tr><th>Exception</th></tr><tr><td><div class="stacktrace">org.openqa.selenium.StaleElementReferenceException: stale element reference: stale element not found
  (Session info: chrome=134.0.6998.179)
For documentation on this error, please visit: https://www.selenium.dev/documentation/webdriver/troubleshooting/errors#stale-element-reference-exception
Build info: version: &apos;4.28.1&apos;, revision: &apos;73f5ad48a2&apos;
System info: os.name: &apos;Windows 11&apos;, os.arch: &apos;amd64&apos;, os.version: &apos;10.0&apos;, java.version: &apos;21.0.5&apos;
Driver info: org.openqa.selenium.chrome.ChromeDriver
Command: [05a8c712c8f760a603fe83de756bc126, isElementDisplayed {id=f.82959CA0382FED317385BE28231E30E6.d.D97590B481B90AD5B70E6120E19956B7.e.249}]
Capabilities {acceptInsecureCerts: false, browserName: chrome, browserVersion: 134.0.6998.179, chrome: {chromedriverVersion: 134.0.6998.165 (fd886e2cb29..., userDataDir: C:\Users\HP\AppData\Local\T...}, fedcm:accounts: true, goog:chromeOptions: {debuggerAddress: localhost:50337}, networkConnectionEnabled: false, pageLoadStrategy: normal, platformName: windows, proxy: Proxy(), se:cdp: ws://localhost:50337/devtoo..., se:cdpVersion: 134.0.6998.179, setWindowRect: true, strictFileInteractability: false, timeouts: {implicit: 0, pageLoad: 300000, script: 30000}, unhandledPromptBehavior: dismiss and notify, webauthn:extension:credBlob: true, webauthn:extension:largeBlob: true, webauthn:extension:minPinLength: true, webauthn:extension:prf: true, webauthn:virtualAuthenticators: true}
Element: [[ChromeDriver: chrome on windows (05a8c712c8f760a603fe83de756bc126)] -&gt; xpath: //h4[text()=&apos;List Sub Categories&apos;]]
Session ID: 05a8c712c8f760a603fe83de756bc126
	at org.openqa.selenium.remote.ErrorCodec.decode(ErrorCodec.java:167)
	at org.openqa.selenium.remote.codec.w3c.W3CHttpResponseCodec.decode(W3CHttpResponseCodec.java:138)
	at org.openqa.selenium.remote.codec.w3c.W3CHttpResponseCodec.decode(W3CHttpResponseCodec.java:50)
	at org.openqa.selenium.remote.HttpCommandExecutor.execute(HttpCommandExecutor.java:215)
	at org.openqa.selenium.remote.service.DriverCommandExecutor.invokeExecute(DriverCommandExecutor.java:216)
	at org.openqa.selenium.remote.service.DriverCommandExecutor.execute(DriverCommandExecutor.java:174)
	at org.openqa.selenium.remote.RemoteWebDriver.execute(RemoteWebDriver.java:545)
	at org.openqa.selenium.remote.RemoteWebElement.execute(RemoteWebElement.java:223)
	at org.openqa.selenium.remote.RemoteWebElement.isDisplayed(RemoteWebElement.java:282)
	at org.openqa.selenium.support.pagefactory.internal.LocatingElementHandler.invoke(LocatingElementHandler.java:51)
	at jdk.proxy2/jdk.proxy2.$Proxy16.isDisplayed(Unknown Source)
	at pages.SubCategoryPage.isListSubcategoriesHeaderDisplayedOnSearchingASubcategory(SubCategoryPage.java:129)
	at testscripts.SubCategoryTest.verifyWhetherUserIsAbleToPerformSearchOnTheSubCategoryPage(SubCategoryTest.java:46)
	at java.base/java.util.ArrayList.forEach(ArrayList.java:1596)
... Removed 30 stack frames</div></td></tr></table><p class="totop"><a href="#summary">back to summary</a></p>
<h3 id="m1">testscripts.SubCategoryTest#verifyWhetherUserIsAbleToPerformSearchOnTheSubCategoryPage</h3><table class="result"><tr><th>Exception</th></tr><tr><td><div class="stacktrace">org.openqa.selenium.StaleElementReferenceException: stale element reference: stale element not found
  (Session info: chrome=134.0.6998.179)
For documentation on this error, please visit: https://www.selenium.dev/documentation/webdriver/troubleshooting/errors#stale-element-reference-exception
Build info: version: &apos;4.28.1&apos;, revision: &apos;73f5ad48a2&apos;
System info: os.name: &apos;Windows 11&apos;, os.arch: &apos;amd64&apos;, os.version: &apos;10.0&apos;, java.version: &apos;21.0.5&apos;
Driver info: org.openqa.selenium.chrome.ChromeDriver
Command: [1a2a30ac1c38d5bfb1442689eaf1f749, isElementDisplayed {id=f.1F43D4F5C67F8B1A63A84881F35DC5D1.d.351F912FCFAC32A46641CC19BE844E6D.e.205}]
Capabilities {acceptInsecureCerts: false, browserName: chrome, browserVersion: 134.0.6998.179, chrome: {chromedriverVersion: 134.0.6998.165 (fd886e2cb29..., userDataDir: C:\Users\HP\AppData\Local\T...}, fedcm:accounts: true, goog:chromeOptions: {debuggerAddress: localhost:50314}, networkConnectionEnabled: false, pageLoadStrategy: normal, platformName: windows, proxy: Proxy(), se:cdp: ws://localhost:50314/devtoo..., se:cdpVersion: 134.0.6998.179, setWindowRect: true, strictFileInteractability: false, timeouts: {implicit: 0, pageLoad: 300000, script: 30000}, unhandledPromptBehavior: dismiss and notify, webauthn:extension:credBlob: true, webauthn:extension:largeBlob: true, webauthn:extension:minPinLength: true, webauthn:extension:prf: true, webauthn:virtualAuthenticators: true}
Element: [[ChromeDriver: chrome on windows (1a2a30ac1c38d5bfb1442689eaf1f749)] -&gt; xpath: //h4[text()=&apos;List Sub Categories&apos;]]
Session ID: 1a2a30ac1c38d5bfb1442689eaf1f749
	at org.openqa.selenium.remote.ErrorCodec.decode(ErrorCodec.java:167)
	at org.openqa.selenium.remote.codec.w3c.W3CHttpResponseCodec.decode(W3CHttpResponseCodec.java:138)
	at org.openqa.selenium.remote.codec.w3c.W3CHttpResponseCodec.decode(W3CHttpResponseCodec.java:50)
	at org.openqa.selenium.remote.HttpCommandExecutor.execute(HttpCommandExecutor.java:215)
	at org.openqa.selenium.remote.service.DriverCommandExecutor.invokeExecute(DriverCommandExecutor.java:216)
	at org.openqa.selenium.remote.service.DriverCommandExecutor.execute(DriverCommandExecutor.java:174)
	at org.openqa.selenium.remote.RemoteWebDriver.execute(RemoteWebDriver.java:545)
	at org.openqa.selenium.remote.RemoteWebElement.execute(RemoteWebElement.java:223)
	at org.openqa.selenium.remote.RemoteWebElement.isDisplayed(RemoteWebElement.java:282)
	at org.openqa.selenium.support.pagefactory.internal.LocatingElementHandler.invoke(LocatingElementHandler.java:51)
	at jdk.proxy2/jdk.proxy2.$Proxy16.isDisplayed(Unknown Source)
	at pages.SubCategoryPage.isListSubcategoriesHeaderDisplayedOnSearchingASubcategory(SubCategoryPage.java:129)
	at testscripts.SubCategoryTest.verifyWhetherUserIsAbleToPerformSearchOnTheSubCategoryPage(SubCategoryTest.java:46)
	at java.base/java.util.ArrayList.forEach(ArrayList.java:1596)
... Removed 30 stack frames</div></td></tr></table><p class="totop"><a href="#summary">back to summary</a></p>
<h3 id="m2">testscripts.HomeTest#verifyWhetherUserIsAbleToLogoutSuccessfully</h3><table class="result"><tr><th class="invisible"/></tr></table><p class="totop"><a href="#summary">back to summary</a></p>
<h3 id="m3">testscripts.LoginTest#verifyWhetherUserIsAbleToLoginWithInValidUsernameAndValidPassword</h3><table class="result"><tr><th class="invisible"/></tr></table><p class="totop"><a href="#summary">back to summary</a></p>
<h3 id="m4">testscripts.LoginTest#verifyWhetherUserIsAbleToLoginWithInvalidCredentials</h3><table class="result"><tr class="param"><th>Parameter #1</th><th>Parameter #2</th></tr><tr class="param stripe"><td>123</td><td>123</td></tr></table><p class="totop"><a href="#summary">back to summary</a></p>
<h3 id="m5">testscripts.LoginTest#verifyWhetherUserIsAbleToLoginWithInvalidCredentials</h3><table class="result"><tr class="param"><th>Parameter #1</th><th>Parameter #2</th></tr><tr class="param stripe"><td>admin</td><td>admin12</td></tr></table><p class="totop"><a href="#summary">back to summary</a></p>
<h3 id="m6">testscripts.LoginTest#verifyWhetherUserIsAbleToLoginWithValidCredentials</h3><table class="result"><tr><th class="invisible"/></tr></table><p class="totop"><a href="#summary">back to summary</a></p>
<h3 id="m7">testscripts.LoginTest#verifyWhetherUserIsAbleToLoginWithValidUsernameAndInvalidPassword</h3><table class="result"><tr><th class="invisible"/></tr></table><p class="totop"><a href="#summary">back to summary</a></p>
<h3 id="m8">testscripts.ManageNewsTest#verifyWhetherUserIsAbleToNavigateToManageNewsPageAndAddANews</h3><table class="result"><tr><th class="invisible"/></tr></table><p class="totop"><a href="#summary">back to summary</a></p>
<h3 id="m9">testscripts.ManageNewsTest#verifyWhetherUserIsAbleToNavigateToManageNewsPageAndSearchANews</h3><table class="result"><tr><th class="invisible"/></tr></table><p class="totop"><a href="#summary">back to summary</a></p>
<h3 id="m10">testscripts.ManageUsersTest#verifyWhetherUserIsAbleToNavigateToManageUsersPageAndAddANewUser</h3><table class="result"><tr><th class="invisible"/></tr></table><p class="totop"><a href="#summary">back to summary</a></p>
<h3 id="m11">testscripts.ManageUsersTest#verifyWhetherUserIsAbleToNavigateToManageUsersPageAndPerformAReset</h3><table class="result"><tr><th class="invisible"/></tr></table><p class="totop"><a href="#summary">back to summary</a></p>
<h3 id="m12">testscripts.ManageUsersTest#verifyWhetherUserIsAbleToNavigateToManageUsersPageAndSearchForAUser</h3><table class="result"><tr><th class="invisible"/></tr></table><p class="totop"><a href="#summary">back to summary</a></p>
<h3 id="m13">testscripts.SubCategoryTest#verifyWhetherUserIsAbleToAddANewCategoryOnTheSubCategoryPage</h3><table class="result"><tr><th class="invisible"/></tr></table><p class="totop"><a href="#summary">back to summary</a></p>
<h3 id="m14">testscripts.SubCategoryTest#verifyWhetherUserIsAbleToPerformSearchOnTheSubCategoryPage</h3><table class="result"><tr><th class="invisible"/></tr></table><p class="totop"><a href="#summary">back to summary</a></p>
</body>
</html>
