<?xml version="1.0" encoding="UTF-8"?>
<testng-results retried="2" ignored="2" total="17" passed="13" failed="0" skipped="0">
  <reporter-output>
  </reporter-output>
  <suite started-at="2025-04-08T10:50:20 IST" name="Suite" finished-at="2025-04-08T10:51:30 IST" duration-ms="70566">
    <groups>
      <group name="smoke">
        <method signature="LoginTest.verifyWhetherUserIsAbleToLoginWithValidUsernameAndInvalidPassword()[pri:2, instance:testscripts.LoginTest@6f36c2f0]" name="verifyWhetherUserIsAbleToLoginWithValidUsernameAndInvalidPassword" class="testscripts.LoginTest"/>
        <method signature="LoginTest.verifyWhetherUserIsAbleToLoginWithInValidUsernameAndValidPassword()[pri:3, instance:testscripts.LoginTest@6f36c2f0]" name="verifyWhetherUserIsAbleToLoginWithInValidUsernameAndValidPassword" class="testscripts.LoginTest"/>
      </group> <!-- smoke -->
    </groups>
    <test started-at="2025-04-08T10:50:20 IST" name="Test" finished-at="2025-04-08T10:51:30 IST" duration-ms="70566">
      <class name="testscripts.ManageNewsTest">
        <test-method is-config="true" signature="initialiseBrowser(java.lang.String)[pri:0, instance:testscripts.ManageNewsTest@e3b3b2f]" started-at="2025-04-08T10:51:20 IST" name="initialiseBrowser" finished-at="2025-04-08T10:51:22 IST" duration-ms="2024" status="PASS">
          <params>
            <param index="0">
              <value>
                <![CDATA[Chrome]]>
              </value>
            </param>
          </params>
          <reporter-output>
          </reporter-output>
        </test-method> <!-- initialiseBrowser -->
        <test-method signature="verifyWhetherUserIsAbleToNavigateToManageNewsPageAndAddANews()[pri:1, instance:testscripts.ManageNewsTest@e3b3b2f]" started-at="2025-04-08T10:51:22 IST" name="verifyWhetherUserIsAbleToNavigateToManageNewsPageAndAddANews" description="Verify whether user is able to navigate to Manage News page and add a news" finished-at="2025-04-08T10:51:24 IST" duration-ms="2226" status="PASS">
          <reporter-output>
          </reporter-output>
        </test-method> <!-- verifyWhetherUserIsAbleToNavigateToManageNewsPageAndAddANews -->
        <test-method is-config="true" signature="driverQuit(org.testng.ITestResult)[pri:0, instance:testscripts.ManageNewsTest@e3b3b2f]" started-at="2025-04-08T10:51:24 IST" name="driverQuit" finished-at="2025-04-08T10:51:25 IST" duration-ms="258" status="PASS">
          <params>
            <param index="0">
              <value>
                <![CDATA[[TestResult name=verifyWhetherUserIsAbleToNavigateToManageNewsPageAndAddANews status=SUCCESS method=ManageNewsTest.verifyWhetherUserIsAbleToNavigateToManageNewsPageAndAddANews()[pri:1, instance:testscripts.ManageNewsTest@e3b3b2f] output={null}]]]>
              </value>
            </param>
          </params>
          <reporter-output>
          </reporter-output>
        </test-method> <!-- driverQuit -->
        <test-method is-config="true" signature="initialiseBrowser(java.lang.String)[pri:0, instance:testscripts.ManageNewsTest@e3b3b2f]" started-at="2025-04-08T10:51:25 IST" name="initialiseBrowser" finished-at="2025-04-08T10:51:26 IST" duration-ms="1796" status="PASS">
          <params>
            <param index="0">
              <value>
                <![CDATA[Chrome]]>
              </value>
            </param>
          </params>
          <reporter-output>
          </reporter-output>
        </test-method> <!-- initialiseBrowser -->
        <test-method signature="verifyWhetherUserIsAbleToNavigateToManageNewsPageAndSearchANews()[pri:2, instance:testscripts.ManageNewsTest@e3b3b2f]" started-at="2025-04-08T10:51:26 IST" name="verifyWhetherUserIsAbleToNavigateToManageNewsPageAndSearchANews" description="Verify whether user is able to navigate to Manage News page and search a news" finished-at="2025-04-08T10:51:30 IST" duration-ms="3590" status="PASS">
          <reporter-output>
          </reporter-output>
        </test-method> <!-- verifyWhetherUserIsAbleToNavigateToManageNewsPageAndSearchANews -->
        <test-method is-config="true" signature="driverQuit(org.testng.ITestResult)[pri:0, instance:testscripts.ManageNewsTest@e3b3b2f]" started-at="2025-04-08T10:51:30 IST" name="driverQuit" finished-at="2025-04-08T10:51:30 IST" duration-ms="314" status="PASS">
          <params>
            <param index="0">
              <value>
                <![CDATA[[TestResult name=verifyWhetherUserIsAbleToNavigateToManageNewsPageAndSearchANews status=SUCCESS method=ManageNewsTest.verifyWhetherUserIsAbleToNavigateToManageNewsPageAndSearchANews()[pri:2, instance:testscripts.ManageNewsTest@e3b3b2f] output={null}]]]>
              </value>
            </param>
          </params>
          <reporter-output>
          </reporter-output>
        </test-method> <!-- driverQuit -->
      </class> <!-- testscripts.ManageNewsTest -->
      <class name="testscripts.ManageUsersTest">
        <test-method is-config="true" signature="initialiseBrowser(java.lang.String)[pri:0, instance:testscripts.ManageUsersTest@50029372]" started-at="2025-04-08T10:51:01 IST" name="initialiseBrowser" finished-at="2025-04-08T10:51:03 IST" duration-ms="2316" status="PASS">
          <params>
            <param index="0">
              <value>
                <![CDATA[Chrome]]>
              </value>
            </param>
          </params>
          <reporter-output>
          </reporter-output>
        </test-method> <!-- initialiseBrowser -->
        <test-method signature="verifyWhetherUserIsAbleToNavigateToManageUsersPageAndAddANewUser()[pri:1, instance:testscripts.ManageUsersTest@50029372]" started-at="2025-04-08T10:51:03 IST" name="verifyWhetherUserIsAbleToNavigateToManageUsersPageAndAddANewUser" description="Verify whether user is able to navigate to Manage Users page and add a new user" finished-at="2025-04-08T10:51:08 IST" duration-ms="4847" status="PASS">
          <reporter-output>
          </reporter-output>
        </test-method> <!-- verifyWhetherUserIsAbleToNavigateToManageUsersPageAndAddANewUser -->
        <test-method is-config="true" signature="driverQuit(org.testng.ITestResult)[pri:0, instance:testscripts.ManageUsersTest@50029372]" started-at="2025-04-08T10:51:08 IST" name="driverQuit" finished-at="2025-04-08T10:51:08 IST" duration-ms="238" status="PASS">
          <params>
            <param index="0">
              <value>
                <![CDATA[[TestResult name=verifyWhetherUserIsAbleToNavigateToManageUsersPageAndAddANewUser status=SUCCESS method=ManageUsersTest.verifyWhetherUserIsAbleToNavigateToManageUsersPageAndAddANewUser()[pri:1, instance:testscripts.ManageUsersTest@50029372] output={null}]]]>
              </value>
            </param>
          </params>
          <reporter-output>
          </reporter-output>
        </test-method> <!-- driverQuit -->
        <test-method is-config="true" signature="initialiseBrowser(java.lang.String)[pri:0, instance:testscripts.ManageUsersTest@50029372]" started-at="2025-04-08T10:51:08 IST" name="initialiseBrowser" finished-at="2025-04-08T10:51:12 IST" duration-ms="3313" status="PASS">
          <params>
            <param index="0">
              <value>
                <![CDATA[Chrome]]>
              </value>
            </param>
          </params>
          <reporter-output>
          </reporter-output>
        </test-method> <!-- initialiseBrowser -->
        <test-method signature="verifyWhetherUserIsAbleToNavigateToManageUsersPageAndSearchForAUser()[pri:2, instance:testscripts.ManageUsersTest@50029372]" started-at="2025-04-08T10:51:12 IST" name="verifyWhetherUserIsAbleToNavigateToManageUsersPageAndSearchForAUser" description="Verify whether user is able to navigate to Manage Users page and search for a user" finished-at="2025-04-08T10:51:14 IST" duration-ms="2794" status="PASS">
          <reporter-output>
          </reporter-output>
        </test-method> <!-- verifyWhetherUserIsAbleToNavigateToManageUsersPageAndSearchForAUser -->
        <test-method is-config="true" signature="driverQuit(org.testng.ITestResult)[pri:0, instance:testscripts.ManageUsersTest@50029372]" started-at="2025-04-08T10:51:14 IST" name="driverQuit" finished-at="2025-04-08T10:51:15 IST" duration-ms="289" status="PASS">
          <params>
            <param index="0">
              <value>
                <![CDATA[[TestResult name=verifyWhetherUserIsAbleToNavigateToManageUsersPageAndSearchForAUser status=SUCCESS method=ManageUsersTest.verifyWhetherUserIsAbleToNavigateToManageUsersPageAndSearchForAUser()[pri:2, instance:testscripts.ManageUsersTest@50029372] output={null}]]]>
              </value>
            </param>
          </params>
          <reporter-output>
          </reporter-output>
        </test-method> <!-- driverQuit -->
        <test-method is-config="true" signature="initialiseBrowser(java.lang.String)[pri:0, instance:testscripts.ManageUsersTest@50029372]" started-at="2025-04-08T10:51:15 IST" name="initialiseBrowser" finished-at="2025-04-08T10:51:17 IST" duration-ms="1984" status="PASS">
          <params>
            <param index="0">
              <value>
                <![CDATA[Chrome]]>
              </value>
            </param>
          </params>
          <reporter-output>
          </reporter-output>
        </test-method> <!-- initialiseBrowser -->
        <test-method signature="verifyWhetherUserIsAbleToNavigateToManageUsersPageAndPerformAReset()[pri:3, instance:testscripts.ManageUsersTest@50029372]" started-at="2025-04-08T10:51:17 IST" name="verifyWhetherUserIsAbleToNavigateToManageUsersPageAndPerformAReset" description="Verify whether user is able to navigate to Manage Users page and perform a reset" finished-at="2025-04-08T10:51:20 IST" duration-ms="3000" status="PASS">
          <reporter-output>
          </reporter-output>
        </test-method> <!-- verifyWhetherUserIsAbleToNavigateToManageUsersPageAndPerformAReset -->
        <test-method is-config="true" signature="driverQuit(org.testng.ITestResult)[pri:0, instance:testscripts.ManageUsersTest@50029372]" started-at="2025-04-08T10:51:20 IST" name="driverQuit" finished-at="2025-04-08T10:51:20 IST" duration-ms="306" status="PASS">
          <params>
            <param index="0">
              <value>
                <![CDATA[[TestResult name=verifyWhetherUserIsAbleToNavigateToManageUsersPageAndPerformAReset status=SUCCESS method=ManageUsersTest.verifyWhetherUserIsAbleToNavigateToManageUsersPageAndPerformAReset()[pri:3, instance:testscripts.ManageUsersTest@50029372] output={null}]]]>
              </value>
            </param>
          </params>
          <reporter-output>
          </reporter-output>
        </test-method> <!-- driverQuit -->
      </class> <!-- testscripts.ManageUsersTest -->
      <class name="testscripts.LoginTest">
        <test-method is-config="true" signature="initialiseBrowser(java.lang.String)[pri:0, instance:testscripts.LoginTest@6f36c2f0]" started-at="2025-04-08T10:50:20 IST" name="initialiseBrowser" finished-at="2025-04-08T10:50:22 IST" duration-ms="2245" status="PASS">
          <params>
            <param index="0">
              <value>
                <![CDATA[Chrome]]>
              </value>
            </param>
          </params>
          <reporter-output>
          </reporter-output>
        </test-method> <!-- initialiseBrowser -->
        <test-method signature="verifyWhetherUserIsAbleToLoginWithInvalidCredentials(java.lang.String,java.lang.String)[pri:1, instance:testscripts.LoginTest@6f36c2f0]" started-at="2025-04-08T10:50:22 IST" name="verifyWhetherUserIsAbleToLoginWithInvalidCredentials" description="Verify whether user is able to login with invalid credentials" data-provider="loginProvider" finished-at="2025-04-08T10:50:23 IST" duration-ms="735" status="PASS">
          <params>
            <param index="0">
              <value>
                <![CDATA[admin]]>
              </value>
            </param>
            <param index="1">
              <value>
                <![CDATA[admin12]]>
              </value>
            </param>
          </params>
          <reporter-output>
          </reporter-output>
        </test-method> <!-- verifyWhetherUserIsAbleToLoginWithInvalidCredentials -->
        <test-method is-config="true" signature="driverQuit(org.testng.ITestResult)[pri:0, instance:testscripts.LoginTest@6f36c2f0]" started-at="2025-04-08T10:50:23 IST" name="driverQuit" finished-at="2025-04-08T10:50:23 IST" duration-ms="255" status="PASS">
          <params>
            <param index="0">
              <value>
                <![CDATA[[TestResult name=verifyWhetherUserIsAbleToLoginWithInvalidCredentials status=SUCCESS method=LoginTest.verifyWhetherUserIsAbleToLoginWithInvalidCredentials(java.lang.String,java.lang.String)[pri:1, instance:testscripts.LoginTest@6f36c2f0] output={null}]]]>
              </value>
            </param>
          </params>
          <reporter-output>
          </reporter-output>
        </test-method> <!-- driverQuit -->
        <test-method is-config="true" signature="initialiseBrowser(java.lang.String)[pri:0, instance:testscripts.LoginTest@6f36c2f0]" started-at="2025-04-08T10:50:23 IST" name="initialiseBrowser" finished-at="2025-04-08T10:50:25 IST" duration-ms="1612" status="PASS">
          <params>
            <param index="0">
              <value>
                <![CDATA[Chrome]]>
              </value>
            </param>
          </params>
          <reporter-output>
          </reporter-output>
        </test-method> <!-- initialiseBrowser -->
        <test-method signature="verifyWhetherUserIsAbleToLoginWithInvalidCredentials(java.lang.String,java.lang.String)[pri:1, instance:testscripts.LoginTest@6f36c2f0]" started-at="2025-04-08T10:50:25 IST" name="verifyWhetherUserIsAbleToLoginWithInvalidCredentials" description="Verify whether user is able to login with invalid credentials" data-provider="loginProvider" finished-at="2025-04-08T10:50:25 IST" duration-ms="682" status="PASS">
          <params>
            <param index="0">
              <value>
                <![CDATA[123]]>
              </value>
            </param>
            <param index="1">
              <value>
                <![CDATA[123]]>
              </value>
            </param>
          </params>
          <reporter-output>
          </reporter-output>
        </test-method> <!-- verifyWhetherUserIsAbleToLoginWithInvalidCredentials -->
        <test-method is-config="true" signature="driverQuit(org.testng.ITestResult)[pri:0, instance:testscripts.LoginTest@6f36c2f0]" started-at="2025-04-08T10:50:25 IST" name="driverQuit" finished-at="2025-04-08T10:50:26 IST" duration-ms="237" status="PASS">
          <params>
            <param index="0">
              <value>
                <![CDATA[[TestResult name=verifyWhetherUserIsAbleToLoginWithInvalidCredentials status=SUCCESS method=LoginTest.verifyWhetherUserIsAbleToLoginWithInvalidCredentials(java.lang.String,java.lang.String)[pri:1, instance:testscripts.LoginTest@6f36c2f0] output={null}]]]>
              </value>
            </param>
          </params>
          <reporter-output>
          </reporter-output>
        </test-method> <!-- driverQuit -->
        <test-method is-config="true" signature="initialiseBrowser(java.lang.String)[pri:0, instance:testscripts.LoginTest@6f36c2f0]" started-at="2025-04-08T10:50:26 IST" name="initialiseBrowser" finished-at="2025-04-08T10:50:28 IST" duration-ms="2121" status="PASS">
          <params>
            <param index="0">
              <value>
                <![CDATA[Chrome]]>
              </value>
            </param>
          </params>
          <reporter-output>
          </reporter-output>
        </test-method> <!-- initialiseBrowser -->
        <test-method signature="verifyWhetherUserIsAbleToLoginWithValidUsernameAndInvalidPassword()[pri:2, instance:testscripts.LoginTest@6f36c2f0]" started-at="2025-04-08T10:50:28 IST" name="verifyWhetherUserIsAbleToLoginWithValidUsernameAndInvalidPassword" description="Verify whether user is able to login with valid username and invalid password" finished-at="2025-04-08T10:50:29 IST" duration-ms="1345" status="PASS">
          <reporter-output>
          </reporter-output>
        </test-method> <!-- verifyWhetherUserIsAbleToLoginWithValidUsernameAndInvalidPassword -->
        <test-method is-config="true" signature="driverQuit(org.testng.ITestResult)[pri:0, instance:testscripts.LoginTest@6f36c2f0]" started-at="2025-04-08T10:50:29 IST" name="driverQuit" finished-at="2025-04-08T10:50:29 IST" duration-ms="232" status="PASS">
          <params>
            <param index="0">
              <value>
                <![CDATA[[TestResult name=verifyWhetherUserIsAbleToLoginWithValidUsernameAndInvalidPassword status=SUCCESS method=LoginTest.verifyWhetherUserIsAbleToLoginWithValidUsernameAndInvalidPassword()[pri:2, instance:testscripts.LoginTest@6f36c2f0] output={null}]]]>
              </value>
            </param>
          </params>
          <reporter-output>
          </reporter-output>
        </test-method> <!-- driverQuit -->
        <test-method is-config="true" signature="initialiseBrowser(java.lang.String)[pri:0, instance:testscripts.LoginTest@6f36c2f0]" started-at="2025-04-08T10:50:29 IST" name="initialiseBrowser" finished-at="2025-04-08T10:50:32 IST" duration-ms="2302" status="PASS">
          <params>
            <param index="0">
              <value>
                <![CDATA[Chrome]]>
              </value>
            </param>
          </params>
          <reporter-output>
          </reporter-output>
        </test-method> <!-- initialiseBrowser -->
        <test-method signature="verifyWhetherUserIsAbleToLoginWithInValidUsernameAndValidPassword()[pri:3, instance:testscripts.LoginTest@6f36c2f0]" started-at="2025-04-08T10:50:32 IST" name="verifyWhetherUserIsAbleToLoginWithInValidUsernameAndValidPassword" description="Verify whether user is able to login with invalid username and valid password" finished-at="2025-04-08T10:50:32 IST" duration-ms="715" status="PASS">
          <reporter-output>
          </reporter-output>
        </test-method> <!-- verifyWhetherUserIsAbleToLoginWithInValidUsernameAndValidPassword -->
        <test-method is-config="true" signature="driverQuit(org.testng.ITestResult)[pri:0, instance:testscripts.LoginTest@6f36c2f0]" started-at="2025-04-08T10:50:32 IST" name="driverQuit" finished-at="2025-04-08T10:50:32 IST" duration-ms="216" status="PASS">
          <params>
            <param index="0">
              <value>
                <![CDATA[[TestResult name=verifyWhetherUserIsAbleToLoginWithInValidUsernameAndValidPassword status=SUCCESS method=LoginTest.verifyWhetherUserIsAbleToLoginWithInValidUsernameAndValidPassword()[pri:3, instance:testscripts.LoginTest@6f36c2f0] output={null}]]]>
              </value>
            </param>
          </params>
          <reporter-output>
          </reporter-output>
        </test-method> <!-- driverQuit -->
        <test-method is-config="true" signature="initialiseBrowser(java.lang.String)[pri:0, instance:testscripts.LoginTest@6f36c2f0]" started-at="2025-04-08T10:50:32 IST" name="initialiseBrowser" finished-at="2025-04-08T10:50:35 IST" duration-ms="2081" status="PASS">
          <params>
            <param index="0">
              <value>
                <![CDATA[Chrome]]>
              </value>
            </param>
          </params>
          <reporter-output>
          </reporter-output>
        </test-method> <!-- initialiseBrowser -->
        <test-method signature="verifyWhetherUserIsAbleToLoginWithValidCredentials()[pri:4, instance:testscripts.LoginTest@6f36c2f0]" started-at="2025-04-08T10:50:35 IST" name="verifyWhetherUserIsAbleToLoginWithValidCredentials" description="Verify whether user is able to successfully login with valid credentials" finished-at="2025-04-08T10:50:35 IST" duration-ms="872" status="PASS">
          <reporter-output>
          </reporter-output>
        </test-method> <!-- verifyWhetherUserIsAbleToLoginWithValidCredentials -->
        <test-method is-config="true" signature="driverQuit(org.testng.ITestResult)[pri:0, instance:testscripts.LoginTest@6f36c2f0]" started-at="2025-04-08T10:50:35 IST" name="driverQuit" finished-at="2025-04-08T10:50:36 IST" duration-ms="239" status="PASS">
          <params>
            <param index="0">
              <value>
                <![CDATA[[TestResult name=verifyWhetherUserIsAbleToLoginWithValidCredentials status=SUCCESS method=LoginTest.verifyWhetherUserIsAbleToLoginWithValidCredentials()[pri:4, instance:testscripts.LoginTest@6f36c2f0] output={null}]]]>
              </value>
            </param>
          </params>
          <reporter-output>
          </reporter-output>
        </test-method> <!-- driverQuit -->
      </class> <!-- testscripts.LoginTest -->
      <class name="testscripts.HomeTest">
        <test-method is-config="true" signature="initialiseBrowser(java.lang.String)[pri:0, instance:testscripts.HomeTest@18f8cd79]" started-at="2025-04-08T10:50:36 IST" name="initialiseBrowser" finished-at="2025-04-08T10:50:37 IST" duration-ms="1726" status="PASS">
          <params>
            <param index="0">
              <value>
                <![CDATA[Chrome]]>
              </value>
            </param>
          </params>
          <reporter-output>
          </reporter-output>
        </test-method> <!-- initialiseBrowser -->
        <test-method signature="verifyWhetherUserIsAbleToLogoutSuccessfully()[pri:0, instance:testscripts.HomeTest@18f8cd79]" started-at="2025-04-08T10:50:37 IST" name="verifyWhetherUserIsAbleToLogoutSuccessfully" description="Verify whether user is able to logout successfully" finished-at="2025-04-08T10:50:39 IST" duration-ms="1414" status="PASS">
          <reporter-output>
          </reporter-output>
        </test-method> <!-- verifyWhetherUserIsAbleToLogoutSuccessfully -->
        <test-method is-config="true" signature="driverQuit(org.testng.ITestResult)[pri:0, instance:testscripts.HomeTest@18f8cd79]" started-at="2025-04-08T10:50:39 IST" name="driverQuit" finished-at="2025-04-08T10:50:39 IST" duration-ms="237" status="PASS">
          <params>
            <param index="0">
              <value>
                <![CDATA[[TestResult name=verifyWhetherUserIsAbleToLogoutSuccessfully status=SUCCESS method=HomeTest.verifyWhetherUserIsAbleToLogoutSuccessfully()[pri:0, instance:testscripts.HomeTest@18f8cd79] output={null}]]]>
              </value>
            </param>
          </params>
          <reporter-output>
          </reporter-output>
        </test-method> <!-- driverQuit -->
      </class> <!-- testscripts.HomeTest -->
      <class name="testscripts.SubCategoryTest">
        <test-method is-config="true" signature="initialiseBrowser(java.lang.String)[pri:0, instance:testscripts.SubCategoryTest@3e2055d6]" started-at="2025-04-08T10:50:39 IST" name="initialiseBrowser" finished-at="2025-04-08T10:50:41 IST" duration-ms="1918" status="PASS">
          <params>
            <param index="0">
              <value>
                <![CDATA[Chrome]]>
              </value>
            </param>
          </params>
          <reporter-output>
          </reporter-output>
        </test-method> <!-- initialiseBrowser -->
        <test-method signature="verifyWhetherUserIsAbleToAddANewCategoryOnTheSubCategoryPage()[pri:1, instance:testscripts.SubCategoryTest@3e2055d6]" started-at="2025-04-08T10:50:41 IST" name="verifyWhetherUserIsAbleToAddANewCategoryOnTheSubCategoryPage" description="Verify whether user is able to add a new category on the subcategory page" finished-at="2025-04-08T10:50:46 IST" duration-ms="4933" status="PASS">
          <reporter-output>
          </reporter-output>
        </test-method> <!-- verifyWhetherUserIsAbleToAddANewCategoryOnTheSubCategoryPage -->
        <test-method is-config="true" signature="driverQuit(org.testng.ITestResult)[pri:0, instance:testscripts.SubCategoryTest@3e2055d6]" started-at="2025-04-08T10:50:46 IST" name="driverQuit" finished-at="2025-04-08T10:50:46 IST" duration-ms="310" status="PASS">
          <params>
            <param index="0">
              <value>
                <![CDATA[[TestResult name=verifyWhetherUserIsAbleToAddANewCategoryOnTheSubCategoryPage status=SUCCESS method=SubCategoryTest.verifyWhetherUserIsAbleToAddANewCategoryOnTheSubCategoryPage()[pri:1, instance:testscripts.SubCategoryTest@3e2055d6] output={null}]]]>
              </value>
            </param>
          </params>
          <reporter-output>
          </reporter-output>
        </test-method> <!-- driverQuit -->
        <test-method is-config="true" signature="initialiseBrowser(java.lang.String)[pri:0, instance:testscripts.SubCategoryTest@3e2055d6]" started-at="2025-04-08T10:50:46 IST" name="initialiseBrowser" finished-at="2025-04-08T10:50:49 IST" duration-ms="2281" status="PASS">
          <params>
            <param index="0">
              <value>
                <![CDATA[Chrome]]>
              </value>
            </param>
          </params>
          <reporter-output>
          </reporter-output>
        </test-method> <!-- initialiseBrowser -->
        <test-method retried="true" signature="verifyWhetherUserIsAbleToPerformSearchOnTheSubCategoryPage()[pri:2, instance:testscripts.SubCategoryTest@3e2055d6]" started-at="2025-04-08T10:50:49 IST" name="verifyWhetherUserIsAbleToPerformSearchOnTheSubCategoryPage" description="Verify whether user is able to perform search on the subcategory page" finished-at="2025-04-08T10:50:51 IST" duration-ms="2701" status="SKIP">
          <exception class="org.openqa.selenium.StaleElementReferenceException">
            <message>
              <![CDATA[stale element reference: stale element not found
  (Session info: chrome=134.0.6998.179)
For documentation on this error, please visit: https://www.selenium.dev/documentation/webdriver/troubleshooting/errors#stale-element-reference-exception
Build info: version: '4.28.1', revision: '73f5ad48a2'
System info: os.name: 'Windows 11', os.arch: 'amd64', os.version: '10.0', java.version: '21.0.5'
Driver info: org.openqa.selenium.chrome.ChromeDriver
Command: [1a2a30ac1c38d5bfb1442689eaf1f749, isElementDisplayed {id=f.1F43D4F5C67F8B1A63A84881F35DC5D1.d.351F912FCFAC32A46641CC19BE844E6D.e.205}]
Capabilities {acceptInsecureCerts: false, browserName: chrome, browserVersion: 134.0.6998.179, chrome: {chromedriverVersion: 134.0.6998.165 (fd886e2cb29..., userDataDir: C:\Users\HP\AppData\Local\T...}, fedcm:accounts: true, goog:chromeOptions: {debuggerAddress: localhost:50314}, networkConnectionEnabled: false, pageLoadStrategy: normal, platformName: windows, proxy: Proxy(), se:cdp: ws://localhost:50314/devtoo..., se:cdpVersion: 134.0.6998.179, setWindowRect: true, strictFileInteractability: false, timeouts: {implicit: 0, pageLoad: 300000, script: 30000}, unhandledPromptBehavior: dismiss and notify, webauthn:extension:credBlob: true, webauthn:extension:largeBlob: true, webauthn:extension:minPinLength: true, webauthn:extension:prf: true, webauthn:virtualAuthenticators: true}
Element: [[ChromeDriver: chrome on windows (1a2a30ac1c38d5bfb1442689eaf1f749)] -> xpath: //h4[text()='List Sub Categories']]
Session ID: 1a2a30ac1c38d5bfb1442689eaf1f749]]>
            </message>
            <full-stacktrace>
              <![CDATA[org.openqa.selenium.StaleElementReferenceException: stale element reference: stale element not found
  (Session info: chrome=134.0.6998.179)
For documentation on this error, please visit: https://www.selenium.dev/documentation/webdriver/troubleshooting/errors#stale-element-reference-exception
Build info: version: '4.28.1', revision: '73f5ad48a2'
System info: os.name: 'Windows 11', os.arch: 'amd64', os.version: '10.0', java.version: '21.0.5'
Driver info: org.openqa.selenium.chrome.ChromeDriver
Command: [1a2a30ac1c38d5bfb1442689eaf1f749, isElementDisplayed {id=f.1F43D4F5C67F8B1A63A84881F35DC5D1.d.351F912FCFAC32A46641CC19BE844E6D.e.205}]
Capabilities {acceptInsecureCerts: false, browserName: chrome, browserVersion: 134.0.6998.179, chrome: {chromedriverVersion: 134.0.6998.165 (fd886e2cb29..., userDataDir: C:\Users\HP\AppData\Local\T...}, fedcm:accounts: true, goog:chromeOptions: {debuggerAddress: localhost:50314}, networkConnectionEnabled: false, pageLoadStrategy: normal, platformName: windows, proxy: Proxy(), se:cdp: ws://localhost:50314/devtoo..., se:cdpVersion: 134.0.6998.179, setWindowRect: true, strictFileInteractability: false, timeouts: {implicit: 0, pageLoad: 300000, script: 30000}, unhandledPromptBehavior: dismiss and notify, webauthn:extension:credBlob: true, webauthn:extension:largeBlob: true, webauthn:extension:minPinLength: true, webauthn:extension:prf: true, webauthn:virtualAuthenticators: true}
Element: [[ChromeDriver: chrome on windows (1a2a30ac1c38d5bfb1442689eaf1f749)] -> xpath: //h4[text()='List Sub Categories']]
Session ID: 1a2a30ac1c38d5bfb1442689eaf1f749
at java.base/jdk.internal.reflect.DirectConstructorHandleAccessor.newInstance(DirectConstructorHandleAccessor.java:62)
at java.base/java.lang.reflect.Constructor.newInstanceWithCaller(Constructor.java:502)
at java.base/java.lang.reflect.Constructor.newInstance(Constructor.java:486)
at org.openqa.selenium.remote.ErrorCodec.decode(ErrorCodec.java:167)
at org.openqa.selenium.remote.codec.w3c.W3CHttpResponseCodec.decode(W3CHttpResponseCodec.java:138)
at org.openqa.selenium.remote.codec.w3c.W3CHttpResponseCodec.decode(W3CHttpResponseCodec.java:50)
at org.openqa.selenium.remote.HttpCommandExecutor.execute(HttpCommandExecutor.java:215)
at org.openqa.selenium.remote.service.DriverCommandExecutor.invokeExecute(DriverCommandExecutor.java:216)
at org.openqa.selenium.remote.service.DriverCommandExecutor.execute(DriverCommandExecutor.java:174)
at org.openqa.selenium.remote.RemoteWebDriver.execute(RemoteWebDriver.java:545)
at org.openqa.selenium.remote.RemoteWebElement.execute(RemoteWebElement.java:223)
at org.openqa.selenium.remote.RemoteWebElement.isDisplayed(RemoteWebElement.java:282)
at java.base/jdk.internal.reflect.DirectMethodHandleAccessor.invoke(DirectMethodHandleAccessor.java:103)
at java.base/java.lang.reflect.Method.invoke(Method.java:580)
at org.openqa.selenium.support.pagefactory.internal.LocatingElementHandler.invoke(LocatingElementHandler.java:51)
at jdk.proxy2/jdk.proxy2.$Proxy16.isDisplayed(Unknown Source)
at pages.SubCategoryPage.isListSubcategoriesHeaderDisplayedOnSearchingASubcategory(SubCategoryPage.java:129)
at testscripts.SubCategoryTest.verifyWhetherUserIsAbleToPerformSearchOnTheSubCategoryPage(SubCategoryTest.java:46)
at java.base/jdk.internal.reflect.DirectMethodHandleAccessor.invoke(DirectMethodHandleAccessor.java:103)
at java.base/java.lang.reflect.Method.invoke(Method.java:580)
at org.testng.internal.invokers.MethodInvocationHelper.invokeMethod(MethodInvocationHelper.java:141)
at org.testng.internal.invokers.TestInvoker.invokeMethod(TestInvoker.java:686)
at org.testng.internal.invokers.TestInvoker.invokeTestMethod(TestInvoker.java:230)
at org.testng.internal.invokers.MethodRunner.runInSequence(MethodRunner.java:63)
at org.testng.internal.invokers.TestInvoker$MethodInvocationAgent.invoke(TestInvoker.java:992)
at org.testng.internal.invokers.TestInvoker.invokeTestMethods(TestInvoker.java:203)
at org.testng.internal.invokers.TestMethodWorker.invokeTestMethods(TestMethodWorker.java:154)
at org.testng.internal.invokers.TestMethodWorker.run(TestMethodWorker.java:134)
at java.base/java.util.ArrayList.forEach(ArrayList.java:1596)
at org.testng.TestRunner.privateRun(TestRunner.java:739)
at org.testng.TestRunner.run(TestRunner.java:614)
at org.testng.SuiteRunner.runTest(SuiteRunner.java:421)
at org.testng.SuiteRunner.runSequentially(SuiteRunner.java:413)
at org.testng.SuiteRunner.privateRun(SuiteRunner.java:373)
at org.testng.SuiteRunner.run(SuiteRunner.java:312)
at org.testng.SuiteRunnerWorker.runSuite(SuiteRunnerWorker.java:52)
at org.testng.SuiteRunnerWorker.run(SuiteRunnerWorker.java:95)
at org.testng.TestNG.runSuitesSequentially(TestNG.java:1274)
at org.testng.TestNG.runSuitesLocally(TestNG.java:1208)
at org.testng.TestNG.runSuites(TestNG.java:1112)
at org.testng.TestNG.run(TestNG.java:1079)
at org.testng.remote.AbstractRemoteTestNG.run(AbstractRemoteTestNG.java:115)
at org.testng.remote.RemoteTestNG.initAndRun(RemoteTestNG.java:293)
at org.testng.remote.RemoteTestNG.main(RemoteTestNG.java:91)
]]>
            </full-stacktrace>
          </exception> <!-- org.openqa.selenium.StaleElementReferenceException -->
          <reporter-output>
          </reporter-output>
        </test-method> <!-- verifyWhetherUserIsAbleToPerformSearchOnTheSubCategoryPage -->
        <test-method is-config="true" signature="driverQuit(org.testng.ITestResult)[pri:0, instance:testscripts.SubCategoryTest@3e2055d6]" started-at="2025-04-08T10:50:51 IST" name="driverQuit" finished-at="2025-04-08T10:50:52 IST" duration-ms="308" status="PASS">
          <params>
            <param index="0">
              <value>
                <![CDATA[[TestResult name=verifyWhetherUserIsAbleToPerformSearchOnTheSubCategoryPage status=SKIP method=SubCategoryTest.verifyWhetherUserIsAbleToPerformSearchOnTheSubCategoryPage()[pri:2, instance:testscripts.SubCategoryTest@3e2055d6] output={null}]]]>
              </value>
            </param>
          </params>
          <reporter-output>
          </reporter-output>
        </test-method> <!-- driverQuit -->
        <test-method is-config="true" signature="initialiseBrowser(java.lang.String)[pri:0, instance:testscripts.SubCategoryTest@3e2055d6]" started-at="2025-04-08T10:50:52 IST" name="initialiseBrowser" finished-at="2025-04-08T10:50:54 IST" duration-ms="2106" status="PASS">
          <params>
            <param index="0">
              <value>
                <![CDATA[Chrome]]>
              </value>
            </param>
          </params>
          <reporter-output>
          </reporter-output>
        </test-method> <!-- initialiseBrowser -->
        <test-method retried="true" signature="verifyWhetherUserIsAbleToPerformSearchOnTheSubCategoryPage()[pri:2, instance:testscripts.SubCategoryTest@3e2055d6]" started-at="2025-04-08T10:50:54 IST" name="verifyWhetherUserIsAbleToPerformSearchOnTheSubCategoryPage" description="Verify whether user is able to perform search on the subcategory page" finished-at="2025-04-08T10:50:56 IST" duration-ms="2428" status="SKIP">
          <exception class="org.openqa.selenium.StaleElementReferenceException">
            <message>
              <![CDATA[stale element reference: stale element not found
  (Session info: chrome=134.0.6998.179)
For documentation on this error, please visit: https://www.selenium.dev/documentation/webdriver/troubleshooting/errors#stale-element-reference-exception
Build info: version: '4.28.1', revision: '73f5ad48a2'
System info: os.name: 'Windows 11', os.arch: 'amd64', os.version: '10.0', java.version: '21.0.5'
Driver info: org.openqa.selenium.chrome.ChromeDriver
Command: [05a8c712c8f760a603fe83de756bc126, isElementDisplayed {id=f.82959CA0382FED317385BE28231E30E6.d.D97590B481B90AD5B70E6120E19956B7.e.249}]
Capabilities {acceptInsecureCerts: false, browserName: chrome, browserVersion: 134.0.6998.179, chrome: {chromedriverVersion: 134.0.6998.165 (fd886e2cb29..., userDataDir: C:\Users\HP\AppData\Local\T...}, fedcm:accounts: true, goog:chromeOptions: {debuggerAddress: localhost:50337}, networkConnectionEnabled: false, pageLoadStrategy: normal, platformName: windows, proxy: Proxy(), se:cdp: ws://localhost:50337/devtoo..., se:cdpVersion: 134.0.6998.179, setWindowRect: true, strictFileInteractability: false, timeouts: {implicit: 0, pageLoad: 300000, script: 30000}, unhandledPromptBehavior: dismiss and notify, webauthn:extension:credBlob: true, webauthn:extension:largeBlob: true, webauthn:extension:minPinLength: true, webauthn:extension:prf: true, webauthn:virtualAuthenticators: true}
Element: [[ChromeDriver: chrome on windows (05a8c712c8f760a603fe83de756bc126)] -> xpath: //h4[text()='List Sub Categories']]
Session ID: 05a8c712c8f760a603fe83de756bc126]]>
            </message>
            <full-stacktrace>
              <![CDATA[org.openqa.selenium.StaleElementReferenceException: stale element reference: stale element not found
  (Session info: chrome=134.0.6998.179)
For documentation on this error, please visit: https://www.selenium.dev/documentation/webdriver/troubleshooting/errors#stale-element-reference-exception
Build info: version: '4.28.1', revision: '73f5ad48a2'
System info: os.name: 'Windows 11', os.arch: 'amd64', os.version: '10.0', java.version: '21.0.5'
Driver info: org.openqa.selenium.chrome.ChromeDriver
Command: [05a8c712c8f760a603fe83de756bc126, isElementDisplayed {id=f.82959CA0382FED317385BE28231E30E6.d.D97590B481B90AD5B70E6120E19956B7.e.249}]
Capabilities {acceptInsecureCerts: false, browserName: chrome, browserVersion: 134.0.6998.179, chrome: {chromedriverVersion: 134.0.6998.165 (fd886e2cb29..., userDataDir: C:\Users\HP\AppData\Local\T...}, fedcm:accounts: true, goog:chromeOptions: {debuggerAddress: localhost:50337}, networkConnectionEnabled: false, pageLoadStrategy: normal, platformName: windows, proxy: Proxy(), se:cdp: ws://localhost:50337/devtoo..., se:cdpVersion: 134.0.6998.179, setWindowRect: true, strictFileInteractability: false, timeouts: {implicit: 0, pageLoad: 300000, script: 30000}, unhandledPromptBehavior: dismiss and notify, webauthn:extension:credBlob: true, webauthn:extension:largeBlob: true, webauthn:extension:minPinLength: true, webauthn:extension:prf: true, webauthn:virtualAuthenticators: true}
Element: [[ChromeDriver: chrome on windows (05a8c712c8f760a603fe83de756bc126)] -> xpath: //h4[text()='List Sub Categories']]
Session ID: 05a8c712c8f760a603fe83de756bc126
at java.base/jdk.internal.reflect.DirectConstructorHandleAccessor.newInstance(DirectConstructorHandleAccessor.java:62)
at java.base/java.lang.reflect.Constructor.newInstanceWithCaller(Constructor.java:502)
at java.base/java.lang.reflect.Constructor.newInstance(Constructor.java:486)
at org.openqa.selenium.remote.ErrorCodec.decode(ErrorCodec.java:167)
at org.openqa.selenium.remote.codec.w3c.W3CHttpResponseCodec.decode(W3CHttpResponseCodec.java:138)
at org.openqa.selenium.remote.codec.w3c.W3CHttpResponseCodec.decode(W3CHttpResponseCodec.java:50)
at org.openqa.selenium.remote.HttpCommandExecutor.execute(HttpCommandExecutor.java:215)
at org.openqa.selenium.remote.service.DriverCommandExecutor.invokeExecute(DriverCommandExecutor.java:216)
at org.openqa.selenium.remote.service.DriverCommandExecutor.execute(DriverCommandExecutor.java:174)
at org.openqa.selenium.remote.RemoteWebDriver.execute(RemoteWebDriver.java:545)
at org.openqa.selenium.remote.RemoteWebElement.execute(RemoteWebElement.java:223)
at org.openqa.selenium.remote.RemoteWebElement.isDisplayed(RemoteWebElement.java:282)
at java.base/jdk.internal.reflect.DirectMethodHandleAccessor.invoke(DirectMethodHandleAccessor.java:103)
at java.base/java.lang.reflect.Method.invoke(Method.java:580)
at org.openqa.selenium.support.pagefactory.internal.LocatingElementHandler.invoke(LocatingElementHandler.java:51)
at jdk.proxy2/jdk.proxy2.$Proxy16.isDisplayed(Unknown Source)
at pages.SubCategoryPage.isListSubcategoriesHeaderDisplayedOnSearchingASubcategory(SubCategoryPage.java:129)
at testscripts.SubCategoryTest.verifyWhetherUserIsAbleToPerformSearchOnTheSubCategoryPage(SubCategoryTest.java:46)
at java.base/jdk.internal.reflect.DirectMethodHandleAccessor.invoke(DirectMethodHandleAccessor.java:103)
at java.base/java.lang.reflect.Method.invoke(Method.java:580)
at org.testng.internal.invokers.MethodInvocationHelper.invokeMethod(MethodInvocationHelper.java:141)
at org.testng.internal.invokers.TestInvoker.invokeMethod(TestInvoker.java:686)
at org.testng.internal.invokers.TestInvoker.retryFailed(TestInvoker.java:269)
at org.testng.internal.invokers.MethodRunner.runInSequence(MethodRunner.java:76)
at org.testng.internal.invokers.TestInvoker$MethodInvocationAgent.invoke(TestInvoker.java:992)
at org.testng.internal.invokers.TestInvoker.invokeTestMethods(TestInvoker.java:203)
at org.testng.internal.invokers.TestMethodWorker.invokeTestMethods(TestMethodWorker.java:154)
at org.testng.internal.invokers.TestMethodWorker.run(TestMethodWorker.java:134)
at java.base/java.util.ArrayList.forEach(ArrayList.java:1596)
at org.testng.TestRunner.privateRun(TestRunner.java:739)
at org.testng.TestRunner.run(TestRunner.java:614)
at org.testng.SuiteRunner.runTest(SuiteRunner.java:421)
at org.testng.SuiteRunner.runSequentially(SuiteRunner.java:413)
at org.testng.SuiteRunner.privateRun(SuiteRunner.java:373)
at org.testng.SuiteRunner.run(SuiteRunner.java:312)
at org.testng.SuiteRunnerWorker.runSuite(SuiteRunnerWorker.java:52)
at org.testng.SuiteRunnerWorker.run(SuiteRunnerWorker.java:95)
at org.testng.TestNG.runSuitesSequentially(TestNG.java:1274)
at org.testng.TestNG.runSuitesLocally(TestNG.java:1208)
at org.testng.TestNG.runSuites(TestNG.java:1112)
at org.testng.TestNG.run(TestNG.java:1079)
at org.testng.remote.AbstractRemoteTestNG.run(AbstractRemoteTestNG.java:115)
at org.testng.remote.RemoteTestNG.initAndRun(RemoteTestNG.java:293)
at org.testng.remote.RemoteTestNG.main(RemoteTestNG.java:91)
]]>
            </full-stacktrace>
          </exception> <!-- org.openqa.selenium.StaleElementReferenceException -->
          <reporter-output>
          </reporter-output>
        </test-method> <!-- verifyWhetherUserIsAbleToPerformSearchOnTheSubCategoryPage -->
        <test-method is-config="true" signature="driverQuit(org.testng.ITestResult)[pri:0, instance:testscripts.SubCategoryTest@3e2055d6]" started-at="2025-04-08T10:50:56 IST" name="driverQuit" finished-at="2025-04-08T10:50:56 IST" duration-ms="245" status="PASS">
          <params>
            <param index="0">
              <value>
                <![CDATA[[TestResult name=verifyWhetherUserIsAbleToPerformSearchOnTheSubCategoryPage status=SKIP method=SubCategoryTest.verifyWhetherUserIsAbleToPerformSearchOnTheSubCategoryPage()[pri:2, instance:testscripts.SubCategoryTest@3e2055d6] output={null}]]]>
              </value>
            </param>
          </params>
          <reporter-output>
          </reporter-output>
        </test-method> <!-- driverQuit -->
        <test-method is-config="true" signature="initialiseBrowser(java.lang.String)[pri:0, instance:testscripts.SubCategoryTest@3e2055d6]" started-at="2025-04-08T10:50:56 IST" name="initialiseBrowser" finished-at="2025-04-08T10:50:59 IST" duration-ms="2225" status="PASS">
          <params>
            <param index="0">
              <value>
                <![CDATA[Chrome]]>
              </value>
            </param>
          </params>
          <reporter-output>
          </reporter-output>
        </test-method> <!-- initialiseBrowser -->
        <test-method signature="verifyWhetherUserIsAbleToPerformSearchOnTheSubCategoryPage()[pri:2, instance:testscripts.SubCategoryTest@3e2055d6]" started-at="2025-04-08T10:50:59 IST" name="verifyWhetherUserIsAbleToPerformSearchOnTheSubCategoryPage" description="Verify whether user is able to perform search on the subcategory page" finished-at="2025-04-08T10:51:01 IST" duration-ms="2175" status="PASS">
          <reporter-output>
          </reporter-output>
        </test-method> <!-- verifyWhetherUserIsAbleToPerformSearchOnTheSubCategoryPage -->
        <test-method is-config="true" signature="driverQuit(org.testng.ITestResult)[pri:0, instance:testscripts.SubCategoryTest@3e2055d6]" started-at="2025-04-08T10:51:01 IST" name="driverQuit" finished-at="2025-04-08T10:51:01 IST" duration-ms="267" status="PASS">
          <params>
            <param index="0">
              <value>
                <![CDATA[[TestResult name=verifyWhetherUserIsAbleToPerformSearchOnTheSubCategoryPage status=SUCCESS method=SubCategoryTest.verifyWhetherUserIsAbleToPerformSearchOnTheSubCategoryPage()[pri:2, instance:testscripts.SubCategoryTest@3e2055d6] output={null}]]]>
              </value>
            </param>
          </params>
          <reporter-output>
          </reporter-output>
        </test-method> <!-- driverQuit -->
      </class> <!-- testscripts.SubCategoryTest -->
    </test> <!-- Test -->
  </suite> <!-- Suite -->
</testng-results>
